<?xml version="1.0" encoding="UTF-8"?>
<coverage generated="1784968474061" clover="3.2.0">
  <project timestamp="1784968474062" name="All files">
    <metrics statements="250" coveredstatements="221" conditionals="79" coveredconditionals="40" methods="47" coveredmethods="37" elements="376" coveredelements="298" complexity="0" loc="250" ncloc="250" packages="8" files="17" classes="17"/>
    <package name="src">
      <metrics statements="26" coveredstatements="23" conditionals="3" coveredconditionals="1" methods="3" coveredmethods="1"/>
      <file name="app.ts" path="C:\Users\user\OneDrive\Desktop\Digital-Heroes\page-pulse\server\src\app.ts">
        <metrics statements="26" coveredstatements="23" conditionals="3" coveredconditionals="1" methods="3" coveredmethods="1"/>
        <line num="1" count="1" type="stmt"/>
        <line num="2" count="1" type="stmt"/>
        <line num="3" count="1" type="stmt"/>
        <line num="4" count="1" type="stmt"/>
        <line num="5" count="1" type="stmt"/>
        <line num="6" count="1" type="stmt"/>
        <line num="7" count="1" type="stmt"/>
        <line num="8" count="1" type="stmt"/>
        <line num="9" count="1" type="stmt"/>
        <line num="11" count="1" type="stmt"/>
        <line num="12" count="13" type="stmt"/>
        <line num="14" count="13" type="stmt"/>
        <line num="16" count="13" type="stmt"/>
        <line num="23" count="13" type="stmt"/>
        <line num="33" count="13" type="stmt"/>
        <line num="34" count="13" type="stmt"/>
        <line num="36" count="13" type="cond" truecount="0" falsecount="1"/>
        <line num="37" count="0" type="stmt"/>
        <line num="39" count="0" type="stmt"/>
        <line num="44" count="13" type="stmt"/>
        <line num="47" count="13" type="stmt"/>
        <line num="49" count="13" type="stmt"/>
        <line num="50" count="0" type="stmt"/>
        <line num="53" count="13" type="stmt"/>
        <line num="54" count="13" type="stmt"/>
        <line num="56" count="13" type="stmt"/>
      </file>
    </package>
    <package name="src.config">
      <metrics statements="12" coveredstatements="10" conditionals="3" coveredconditionals="1" methods="1" coveredmethods="1"/>
      <file name="env.ts" path="C:\Users\user\OneDrive\Desktop\Digital-Heroes\page-pulse\server\src\config\env.ts">
        <metrics statements="12" coveredstatements="10" conditionals="3" coveredconditionals="1" methods="1" coveredmethods="1"/>
        <line num="1" count="2" type="stmt"/>
        <line num="2" count="2" type="stmt"/>
        <line num="4" count="2" type="stmt"/>
        <line num="18" count="2" type="stmt"/>
        <line num="20" count="2" type="cond" truecount="0" falsecount="1"/>
        <line num="21" count="0" type="stmt"/>
        <line num="22" count="0" type="stmt"/>
        <line num="25" count="2" type="stmt"/>
        <line num="27" count="2" type="stmt"/>
        <line num="28" count="4" type="cond" truecount="1" falsecount="1"/>
        <line num="30" count="2" type="stmt"/>
        <line num="31" count="2" type="stmt"/>
      </file>
    </package>
    <package name="src.controllers">
      <metrics statements="26" coveredstatements="23" conditionals="7" coveredconditionals="3" methods="5" coveredmethods="4"/>
      <file name="audit.controller.ts" path="C:\Users\user\OneDrive\Desktop\Digital-Heroes\page-pulse\server\src\controllers\audit.controller.ts">
        <metrics statements="26" coveredstatements="23" conditionals="7" coveredconditionals="3" methods="5" coveredmethods="4"/>
        <line num="2" count="1" type="stmt"/>
        <line num="3" count="1" type="stmt"/>
        <line num="4" count="1" type="stmt"/>
        <line num="5" count="1" type="stmt"/>
        <line num="9" count="108" type="stmt"/>
        <line num="10" count="108" type="cond" truecount="0" falsecount="1"/>
        <line num="11" count="108" type="cond" truecount="1" falsecount="2"/>
        <line num="14" count="1" type="stmt"/>
        <line num="15" count="108" type="stmt"/>
        <line num="16" count="108" type="stmt"/>
        <line num="17" count="108" type="stmt"/>
        <line num="19" count="108" type="stmt"/>
        <line num="21" count="108" type="stmt"/>
        <line num="22" count="108" type="cond" truecount="2" falsecount="1"/>
        <line num="23" count="0" type="stmt"/>
        <line num="26" count="108" type="stmt"/>
        <line num="27" count="107" type="stmt"/>
        <line num="32" count="107" type="stmt"/>
        <line num="34" count="1" type="stmt"/>
        <line num="38" count="1" type="stmt"/>
        <line num="39" count="1" type="stmt"/>
        <line num="50" count="1" type="stmt"/>
        <line num="51" count="1" type="stmt"/>
        <line num="58" count="1" type="stmt"/>
        <line num="59" count="0" type="stmt"/>
        <line num="60" count="0" type="stmt"/>
      </file>
    </package>
    <package name="src.middlewares">
      <metrics statements="48" coveredstatements="39" conditionals="30" coveredconditionals="10" methods="7" coveredmethods="7"/>
      <file name="error.middleware.ts" path="C:\Users\user\OneDrive\Desktop\Digital-Heroes\page-pulse\server\src\middlewares\error.middleware.ts">
        <metrics statements="22" coveredstatements="14" conditionals="19" coveredconditionals="5" methods="2" coveredmethods="2"/>
        <line num="2" count="1" type="stmt"/>
        <line num="3" count="1" type="stmt"/>
        <line num="6" count="1" type="stmt"/>
        <line num="8" count="5" type="cond" truecount="1" falsecount="2"/>
        <line num="10" count="5" type="cond" truecount="1" falsecount="0"/>
        <line num="11" count="5" type="cond" truecount="2" falsecount="0"/>
        <line num="12" count="1" type="stmt"/>
        <line num="14" count="4" type="stmt"/>
        <line num="16" count="5" type="stmt"/>
        <line num="21" count="5" type="stmt"/>
        <line num="22" count="5" type="stmt"/>
        <line num="25" count="0" type="cond" truecount="0" falsecount="4"/>
        <line num="26" count="0" type="cond" truecount="0" falsecount="2"/>
        <line num="27" count="0" type="stmt"/>
        <line num="28" count="0" type="stmt"/>
        <line num="29" count="0" type="stmt"/>
        <line num="32" count="0" type="cond" truecount="0" falsecount="2"/>
        <line num="33" count="0" type="stmt"/>
        <line num="38" count="0" type="stmt"/>
        <line num="41" count="1" type="stmt"/>
        <line num="42" count="1" type="cond" truecount="1" falsecount="2"/>
        <line num="43" count="1" type="stmt"/>
      </file>
      <file name="rate-limit.middleware.ts" path="C:\Users\user\OneDrive\Desktop\Digital-Heroes\page-pulse\server\src\middlewares\rate-limit.middleware.ts">
        <metrics statements="9" coveredstatements="8" conditionals="4" coveredconditionals="1" methods="3" coveredmethods="3"/>
        <line num="1" count="1" type="stmt"/>
        <line num="2" count="1" type="stmt"/>
        <line num="5" count="1" type="stmt"/>
        <line num="6" count="13" type="stmt"/>
        <line num="12" count="113" type="stmt"/>
        <line num="13" count="113" type="cond" truecount="0" falsecount="1"/>
        <line num="14" count="0" type="stmt"/>
        <line num="16" count="113" type="cond" truecount="1" falsecount="2"/>
        <line num="19" count="1" type="stmt"/>
      </file>
      <file name="request-id.middleware.ts" path="C:\Users\user\OneDrive\Desktop\Digital-Heroes\page-pulse\server\src\middlewares\request-id.middleware.ts">
        <metrics statements="6" coveredstatements="6" conditionals="4" coveredconditionals="2" methods="1" coveredmethods="1"/>
        <line num="2" count="1" type="stmt"/>
        <line num="10" count="1" type="stmt"/>
        <line num="11" count="116" type="stmt"/>
        <line num="12" count="116" type="cond" truecount="2" falsecount="2"/>
        <line num="13" count="116" type="stmt"/>
        <line num="14" count="116" type="stmt"/>
      </file>
      <file name="validation.middleware.ts" path="C:\Users\user\OneDrive\Desktop\Digital-Heroes\page-pulse\server\src\middlewares\validation.middleware.ts">
        <metrics statements="11" coveredstatements="11" conditionals="3" coveredconditionals="2" methods="1" coveredmethods="1"/>
        <line num="2" count="1" type="stmt"/>
        <line num="3" count="1" type="stmt"/>
        <line num="5" count="1" type="stmt"/>
        <line num="6" count="112" type="stmt"/>
        <line num="7" count="112" type="cond" truecount="1" falsecount="0"/>
        <line num="8" count="4" type="stmt"/>
        <line num="9" count="4" type="cond" truecount="1" falsecount="1"/>
        <line num="10" count="4" type="stmt"/>
        <line num="11" count="4" type="stmt"/>
        <line num="13" count="108" type="stmt"/>
        <line num="14" count="108" type="stmt"/>
      </file>
    </package>
    <package name="src.routes">
      <metrics statements="10" coveredstatements="10" conditionals="0" coveredconditionals="0" methods="1" coveredmethods="1"/>
      <file name="index.ts" path="C:\Users\user\OneDrive\Desktop\Digital-Heroes\page-pulse\server\src\routes\index.ts">
        <metrics statements="10" coveredstatements="10" conditionals="0" coveredconditionals="0" methods="1" coveredmethods="1"/>
        <line num="1" count="1" type="stmt"/>
        <line num="2" count="1" type="stmt"/>
        <line num="3" count="1" type="stmt"/>
        <line num="4" count="1" type="stmt"/>
        <line num="6" count="1" type="stmt"/>
        <line num="7" count="13" type="stmt"/>
        <line num="9" count="13" type="stmt"/>
        <line num="10" count="13" type="stmt"/>
        <line num="11" count="13" type="stmt"/>
        <line num="13" count="13" type="stmt"/>
      </file>
    </package>
    <package name="src.services">
      <metrics statements="82" coveredstatements="74" conditionals="18" coveredconditionals="12" methods="18" coveredmethods="14"/>
      <file name="audit.service.ts" path="C:\Users\user\OneDrive\Desktop\Digital-Heroes\page-pulse\server\src\services\audit.service.ts">
        <metrics statements="47" coveredstatements="44" conditionals="12" coveredconditionals="10" methods="6" coveredmethods="6"/>
        <line num="1" count="2" type="stmt"/>
        <line num="2" count="2" type="stmt"/>
        <line num="3" count="2" type="stmt"/>
        <line num="4" count="2" type="stmt"/>
        <line num="5" count="2" type="stmt"/>
        <line num="7" count="2" type="stmt"/>
        <line num="17" count="17" type="stmt"/>
        <line num="18" count="17" type="stmt"/>
        <line num="19" count="17" type="stmt"/>
        <line num="21" count="17" type="stmt"/>
        <line num="22" count="17" type="stmt"/>
        <line num="32" count="13" type="stmt"/>
        <line num="34" count="13" type="stmt"/>
        <line num="35" count="13" type="stmt"/>
        <line num="36" count="13" type="stmt"/>
        <line num="38" count="11" type="stmt"/>
        <line num="39" count="11" type="cond" truecount="1" falsecount="0"/>
        <line num="44" count="13" type="stmt"/>
        <line num="51" count="4" type="stmt"/>
        <line num="52" count="4" type="cond" truecount="1" falsecount="0"/>
        <line num="53" count="2" type="stmt"/>
        <line num="55" count="2" type="stmt"/>
        <line num="62" count="17" type="stmt"/>
        <line num="66" count="2" type="stmt"/>
        <line num="72" count="118" type="stmt"/>
        <line num="74" count="118" type="cond" truecount="1" falsecount="0"/>
        <line num="76" count="101" type="stmt"/>
        <line num="83" count="101" type="stmt"/>
        <line num="92" count="101" type="stmt"/>
        <line num="96" count="17" type="stmt"/>
        <line num="97" count="17" type="stmt"/>
        <line num="98" count="17" type="stmt"/>
        <line num="102" count="2" type="cond" truecount="4" falsecount="0"/>
        <line num="103" count="2" type="stmt"/>
        <line num="104" count="2" type="stmt"/>
        <line num="106" count="0" type="cond" truecount="0" falsecount="2"/>
        <line num="107" count="0" type="stmt"/>
        <line num="108" count="0" type="stmt"/>
        <line num="111" count="15" type="stmt"/>
        <line num="122" count="15" type="cond" truecount="1" falsecount="0"/>
        <line num="123" count="12" type="stmt"/>
        <line num="125" count="15" type="stmt"/>
        <line num="127" count="15" type="stmt"/>
        <line num="128" count="15" type="stmt"/>
        <line num="132" count="11" type="stmt"/>
        <line num="140" count="2" type="stmt"/>
        <line num="141" count="8" type="stmt"/>
      </file>
      <file name="cache.service.ts" path="C:\Users\user\OneDrive\Desktop\Digital-Heroes\page-pulse\server\src\services\cache.service.ts">
        <metrics statements="11" coveredstatements="10" conditionals="2" coveredconditionals="1" methods="4" coveredmethods="3"/>
        <line num="1" count="2" type="stmt"/>
        <line num="2" count="2" type="stmt"/>
        <line num="5" count="2" type="stmt"/>
        <line num="11" count="2" type="stmt"/>
        <line num="12" count="118" type="stmt"/>
        <line num="15" count="2" type="stmt"/>
        <line num="16" count="12" type="stmt"/>
        <line num="19" count="2" type="stmt"/>
        <line num="20" count="21" type="stmt"/>
        <line num="23" count="2" type="stmt"/>
        <line num="24" count="0" type="stmt"/>
      </file>
      <file name="history.service.ts" path="C:\Users\user\OneDrive\Desktop\Digital-Heroes\page-pulse\server\src\services\history.service.ts">
        <metrics statements="8" coveredstatements="7" conditionals="1" coveredconditionals="0" methods="3" coveredmethods="3"/>
        <line num="1" count="2" type="stmt"/>
        <line num="5" count="2" type="stmt"/>
        <line num="8" count="15" type="stmt"/>
        <line num="9" count="15" type="cond" truecount="0" falsecount="1"/>
        <line num="10" count="0" type="stmt"/>
        <line num="15" count="3" type="stmt"/>
        <line num="19" count="21" type="stmt"/>
        <line num="23" count="2" type="stmt"/>
      </file>
      <file name="queue.service.ts" path="C:\Users\user\OneDrive\Desktop\Digital-Heroes\page-pulse\server\src\services\queue.service.ts">
        <metrics statements="16" coveredstatements="13" conditionals="3" coveredconditionals="1" methods="5" coveredmethods="2"/>
        <line num="1" count="2" type="stmt"/>
        <line num="3" count="2" type="stmt"/>
        <line num="4" count="2" type="stmt"/>
        <line num="5" count="2" type="stmt"/>
        <line num="7" count="2" type="cond" truecount="1" falsecount="0"/>
        <line num="10" count="0" type="stmt"/>
        <line num="14" count="0" type="stmt"/>
        <line num="18" count="17" type="cond" truecount="0" falsecount="1"/>
        <line num="19" count="0" type="stmt"/>
        <line num="21" count="17" type="stmt"/>
        <line num="22" count="17" type="stmt"/>
        <line num="23" count="17" type="stmt"/>
        <line num="25" count="17" type="stmt"/>
        <line num="26" count="17" type="stmt"/>
        <line num="27" count="17" type="cond" truecount="0" falsecount="1"/>
        <line num="32" count="2" type="stmt"/>
      </file>
    </package>
    <package name="src.types">
      <metrics statements="7" coveredstatements="7" conditionals="7" coveredconditionals="7" methods="2" coveredmethods="2"/>
      <file name="index.ts" path="C:\Users\user\OneDrive\Desktop\Digital-Heroes\page-pulse\server\src\types\index.ts">
        <metrics statements="7" coveredstatements="7" conditionals="7" coveredconditionals="7" methods="2" coveredmethods="2"/>
        <line num="1" count="1" type="stmt"/>
        <line num="3" count="1" type="stmt"/>
        <line num="9" count="109" type="stmt"/>
        <line num="10" count="109" type="cond" truecount="2" falsecount="0"/>
        <line num="11" count="108" type="cond" truecount="3" falsecount="0"/>
        <line num="13" count="1" type="stmt"/>
        <line num="16" count="108" type="cond" truecount="2" falsecount="0"/>
      </file>
    </package>
    <package name="src.utils">
      <metrics statements="39" coveredstatements="35" conditionals="11" coveredconditionals="6" methods="10" coveredmethods="7"/>
      <file name="errors.ts" path="C:\Users\user\OneDrive\Desktop\Digital-Heroes\page-pulse\server\src\utils\errors.ts">
        <metrics statements="17" coveredstatements="13" conditionals="1" coveredconditionals="0" methods="5" coveredmethods="3"/>
        <line num="1" count="2" type="stmt"/>
        <line num="4" count="6" type="stmt"/>
        <line num="5" count="6" type="stmt"/>
        <line num="6" count="6" type="stmt"/>
        <line num="7" count="6" type="stmt"/>
        <line num="11" count="2" type="stmt"/>
        <line num="13" count="4" type="stmt"/>
        <line num="14" count="4" type="stmt"/>
        <line num="18" count="2" type="stmt"/>
        <line num="20" count="0" type="stmt"/>
        <line num="21" count="0" type="stmt"/>
        <line num="25" count="2" type="stmt"/>
        <line num="27" count="2" type="stmt"/>
        <line num="28" count="2" type="stmt"/>
        <line num="32" count="2" type="stmt"/>
        <line num="34" count="0" type="stmt"/>
        <line num="35" count="0" type="stmt"/>
      </file>
      <file name="logger.ts" path="C:\Users\user\OneDrive\Desktop\Digital-Heroes\page-pulse\server\src\utils\logger.ts">
        <metrics statements="15" coveredstatements="15" conditionals="10" coveredconditionals="6" methods="2" coveredmethods="2"/>
        <line num="1" count="2" type="stmt"/>
        <line num="2" count="2" type="stmt"/>
        <line num="4" count="2" type="stmt"/>
        <line num="9" count="2" type="stmt"/>
        <line num="11" count="2" type="stmt"/>
        <line num="15" count="231" type="stmt"/>
        <line num="16" count="231" type="cond" truecount="1" falsecount="1"/>
        <line num="17" count="231" type="stmt"/>
        <line num="21" count="2" type="stmt"/>
        <line num="36" count="2" type="stmt"/>
        <line num="45" count="118" type="stmt"/>
        <line num="46" count="118" type="cond" truecount="2" falsecount="0"/>
        <line num="47" count="2" type="stmt"/>
        <line num="49" count="116" type="stmt"/>
        <line num="51" count="118" type="stmt"/>
      </file>
      <file name="request-id.ts" path="C:\Users\user\OneDrive\Desktop\Digital-Heroes\page-pulse\server\src\utils\request-id.ts">
        <metrics statements="3" coveredstatements="3" conditionals="0" coveredconditionals="0" methods="1" coveredmethods="1"/>
        <line num="1" count="1" type="stmt"/>
        <line num="3" count="1" type="stmt"/>
        <line num="4" count="116" type="stmt"/>
      </file>
      <file name="validation.ts" path="C:\Users\user\OneDrive\Desktop\Digital-Heroes\page-pulse\server\src\utils\validation.ts">
        <metrics statements="4" coveredstatements="4" conditionals="0" coveredconditionals="0" methods="2" coveredmethods="1"/>
        <line num="1" count="1" type="stmt"/>
        <line num="3" count="1" type="stmt"/>
        <line num="5" count="1" type="stmt"/>
        <line num="6" count="112" type="stmt"/>
      </file>
    </package>
  </project>
</coverage>
