{"C:\\Users\\user\\OneDrive\\Desktop\\Digital-Heroes\\page-pulse\\server\\src\\app.ts": {"path":"C:\\Users\\user\\OneDrive\\Desktop\\Digital-Heroes\\page-pulse\\server\\src\\app.ts","statementMap":{"0":{"start":{"line":11,"column":0},"end":{"line":11,"column":16}},"1":{"start":{"line":1,"column":0},"end":{"line":1,"column":48}},"2":{"start":{"line":2,"column":0},"end":{"line":2,"column":28}},"3":{"start":{"line":3,"column":0},"end":{"line":3,"column":24}},"4":{"start":{"line":4,"column":0},"end":{"line":4,"column":38}},"5":{"start":{"line":5,"column":0},"end":{"line":5,"column":28}},"6":{"start":{"line":6,"column":0},"end":{"line":6,"column":54}},"7":{"start":{"line":7,"column":0},"end":{"line":7,"column":77}},"8":{"start":{"line":8,"column":0},"end":{"line":8,"column":82}},"9":{"start":{"line":9,"column":0},"end":{"line":9,"column":52}},"10":{"start":{"line":12,"column":14},"end":{"line":12,"column":23}},"11":{"start":{"line":14,"column":2},"end":{"line":14,"column":28}},"12":{"start":{"line":16,"column":2},"end":{"line":21,"column":4}},"13":{"start":{"line":23,"column":2},"end":{"line":31,"column":4}},"14":{"start":{"line":33,"column":2},"end":{"line":33,"column":43}},"15":{"start":{"line":34,"column":2},"end":{"line":34,"column":25}},"16":{"start":{"line":36,"column":2},"end":{"line":42,"column":3}},"17":{"start":{"line":37,"column":4},"end":{"line":41,"column":6}},"18":{"start":{"line":39,"column":23},"end":{"line":39,"column":49}},"19":{"start":{"line":44,"column":2},"end":{"line":44,"column":31}},"20":{"start":{"line":47,"column":2},"end":{"line":47,"column":37}},"21":{"start":{"line":49,"column":2},"end":{"line":51,"column":5}},"22":{"start":{"line":50,"column":4},"end":{"line":50,"column":85}},"23":{"start":{"line":53,"column":2},"end":{"line":53,"column":27}},"24":{"start":{"line":54,"column":2},"end":{"line":54,"column":24}},"25":{"start":{"line":56,"column":2},"end":{"line":56,"column":13}}},"fnMap":{"0":{"name":"createApp","decl":{"start":{"line":11,"column":16},"end":{"line":11,"column":25}},"loc":{"start":{"line":11,"column":25},"end":{"line":57,"column":1}}},"1":{"name":"(anonymous_2)","decl":{"start":{"line":39,"column":14},"end":{"line":39,"column":15}},"loc":{"start":{"line":39,"column":23},"end":{"line":39,"column":49}}},"2":{"name":"(anonymous_3)","decl":{"start":{"line":49,"column":15},"end":{"line":49,"column":16}},"loc":{"start":{"line":49,"column":29},"end":{"line":51,"column":3}}}},"branchMap":{"0":{"loc":{"start":{"line":25,"column":14},"end":{"line":25,"column":57}},"type":"cond-expr","locations":[{"start":{"line":25,"column":39},"end":{"line":25,"column":43}},{"start":{"line":25,"column":46},"end":{"line":25,"column":57}}]},"1":{"loc":{"start":{"line":36,"column":2},"end":{"line":42,"column":3}},"type":"if","locations":[{"start":{"line":36,"column":2},"end":{"line":42,"column":3}}]}},"s":{"0":1,"1":1,"2":1,"3":1,"4":1,"5":1,"6":1,"7":1,"8":1,"9":1,"10":13,"11":13,"12":13,"13":13,"14":13,"15":13,"16":13,"17":0,"18":0,"19":13,"20":13,"21":13,"22":0,"23":13,"24":13,"25":13},"f":{"0":13,"1":0,"2":0},"b":{"0":[0,13],"1":[0]}}
,"C:\\Users\\user\\OneDrive\\Desktop\\Digital-Heroes\\page-pulse\\server\\src\\config\\env.ts": {"path":"C:\\Users\\user\\OneDrive\\Desktop\\Digital-Heroes\\page-pulse\\server\\src\\config\\env.ts","statementMap":{"0":{"start":{"line":1,"column":0},"end":{"line":1,"column":23}},"1":{"start":{"line":2,"column":0},"end":{"line":2,"column":24}},"2":{"start":{"line":4,"column":18},"end":{"line":16,"column":2}},"3":{"start":{"line":18,"column":15},"end":{"line":18,"column":47}},"4":{"start":{"line":20,"column":0},"end":{"line":23,"column":1}},"5":{"start":{"line":21,"column":2},"end":{"line":21,"column":77}},"6":{"start":{"line":22,"column":2},"end":{"line":22,"column":18}},"7":{"start":{"line":25,"column":13},"end":{"line":25,"column":31}},"8":{"start":{"line":27,"column":13},"end":{"line":28,"column":100}},"9":{"start":{"line":28,"column":74},"end":{"line":28,"column":82}},"10":{"start":{"line":30,"column":13},"end":{"line":30,"column":52}},"11":{"start":{"line":31,"column":13},"end":{"line":31,"column":46}}},"fnMap":{"0":{"name":"(anonymous_0)","decl":{"start":{"line":28,"column":67},"end":{"line":28,"column":68}},"loc":{"start":{"line":28,"column":74},"end":{"line":28,"column":82}}}},"branchMap":{"0":{"loc":{"start":{"line":20,"column":0},"end":{"line":23,"column":1}},"type":"if","locations":[{"start":{"line":20,"column":0},"end":{"line":23,"column":1}}]},"1":{"loc":{"start":{"line":28,"column":2},"end":{"line":28,"column":99}},"type":"cond-expr","locations":[{"start":{"line":28,"column":28},"end":{"line":28,"column":33}},{"start":{"line":28,"column":36},"end":{"line":28,"column":99}}]}},"s":{"0":2,"1":2,"2":2,"3":2,"4":2,"5":0,"6":0,"7":2,"8":2,"9":4,"10":2,"11":2},"f":{"0":4},"b":{"0":[0],"1":[0,2]}}
,"C:\\Users\\user\\OneDrive\\Desktop\\Digital-Heroes\\page-pulse\\server\\src\\controllers\\audit.controller.ts": {"path":"C:\\Users\\user\\OneDrive\\Desktop\\Digital-Heroes\\page-pulse\\server\\src\\controllers\\audit.controller.ts","statementMap":{"0":{"start":{"line":14,"column":0},"end":{"line":14,"column":7}},"1":{"start":{"line":38,"column":0},"end":{"line":38,"column":16}},"2":{"start":{"line":50,"column":0},"end":{"line":50,"column":16}},"3":{"start":{"line":58,"column":0},"end":{"line":58,"column":16}},"4":{"start":{"line":2,"column":0},"end":{"line":2,"column":60}},"5":{"start":{"line":3,"column":0},"end":{"line":3,"column":62}},"6":{"start":{"line":4,"column":0},"end":{"line":4,"column":46}},"7":{"start":{"line":5,"column":0},"end":{"line":5,"column":44}},"8":{"start":{"line":9,"column":14},"end":{"line":9,"column":44}},"9":{"start":{"line":10,"column":2},"end":{"line":10,"column":63}},"10":{"start":{"line":10,"column":31},"end":{"line":10,"column":63}},"11":{"start":{"line":11,"column":2},"end":{"line":11,"column":58}},"12":{"start":{"line":15,"column":18},"end":{"line":15,"column":45}},"13":{"start":{"line":16,"column":20},"end":{"line":16,"column":33}},"14":{"start":{"line":17,"column":13},"end":{"line":17,"column":26}},"15":{"start":{"line":19,"column":2},"end":{"line":19,"column":94}},"16":{"start":{"line":21,"column":2},"end":{"line":35,"column":3}},"17":{"start":{"line":22,"column":4},"end":{"line":24,"column":5}},"18":{"start":{"line":23,"column":6},"end":{"line":23,"column":50}},"19":{"start":{"line":26,"column":19},"end":{"line":26,"column":57}},"20":{"start":{"line":27,"column":41},"end":{"line":31,"column":6}},"21":{"start":{"line":32,"column":4},"end":{"line":32,"column":34}},"22":{"start":{"line":34,"column":4},"end":{"line":34,"column":14}},"23":{"start":{"line":39,"column":2},"end":{"line":47,"column":5}},"24":{"start":{"line":51,"column":2},"end":{"line":55,"column":5}},"25":{"start":{"line":59,"column":2},"end":{"line":59,"column":23}},"26":{"start":{"line":60,"column":2},"end":{"line":60,"column":68}}},"fnMap":{"0":{"name":"clientIp","decl":{"start":{"line":8,"column":9},"end":{"line":8,"column":17}},"loc":{"start":{"line":8,"column":30},"end":{"line":12,"column":1}}},"1":{"name":"auditController","decl":{"start":{"line":14,"column":22},"end":{"line":14,"column":37}},"loc":{"start":{"line":14,"column":85},"end":{"line":36,"column":1}}},"2":{"name":"healthController","decl":{"start":{"line":38,"column":16},"end":{"line":38,"column":32}},"loc":{"start":{"line":38,"column":61},"end":{"line":48,"column":1}}},"3":{"name":"historyController","decl":{"start":{"line":50,"column":16},"end":{"line":50,"column":33}},"loc":{"start":{"line":50,"column":61},"end":{"line":56,"column":1}}},"4":{"name":"clearHistoryController","decl":{"start":{"line":58,"column":16},"end":{"line":58,"column":38}},"loc":{"start":{"line":58,"column":66},"end":{"line":61,"column":1}}}},"branchMap":{"0":{"loc":{"start":{"line":10,"column":2},"end":{"line":10,"column":63}},"type":"if","locations":[{"start":{"line":10,"column":2},"end":{"line":10,"column":63}}]},"1":{"loc":{"start":{"line":11,"column":9},"end":{"line":11,"column":57}},"type":"binary-expr","locations":[{"start":{"line":11,"column":9},"end":{"line":11,"column":15}},{"start":{"line":11,"column":19},"end":{"line":11,"column":44}},{"start":{"line":11,"column":48},"end":{"line":11,"column":57}}]},"2":{"loc":{"start":{"line":22,"column":4},"end":{"line":24,"column":5}},"type":"if","locations":[{"start":{"line":22,"column":4},"end":{"line":24,"column":5}}]},"3":{"loc":{"start":{"line":22,"column":8},"end":{"line":22,"column":39}},"type":"binary-expr","locations":[{"start":{"line":22,"column":8},"end":{"line":22,"column":12}},{"start":{"line":22,"column":16},"end":{"line":22,"column":39}}]}},"s":{"0":1,"1":1,"2":1,"3":1,"4":1,"5":1,"6":1,"7":1,"8":108,"9":108,"10":0,"11":108,"12":108,"13":108,"14":108,"15":108,"16":108,"17":108,"18":0,"19":108,"20":107,"21":107,"22":1,"23":1,"24":1,"25":0,"26":0},"f":{"0":108,"1":108,"2":1,"3":1,"4":0},"b":{"0":[0],"1":[108,0,0],"2":[0],"3":[108,108]}}
,"C:\\Users\\user\\OneDrive\\Desktop\\Digital-Heroes\\page-pulse\\server\\src\\middlewares\\error.middleware.ts": {"path":"C:\\Users\\user\\OneDrive\\Desktop\\Digital-Heroes\\page-pulse\\server\\src\\middlewares\\error.middleware.ts","statementMap":{"0":{"start":{"line":6,"column":0},"end":{"line":6,"column":16}},"1":{"start":{"line":41,"column":0},"end":{"line":41,"column":16}},"2":{"start":{"line":2,"column":0},"end":{"line":2,"column":63}},"3":{"start":{"line":3,"column":0},"end":{"line":3,"column":44}},"4":{"start":{"line":8,"column":20},"end":{"line":8,"column":91}},"5":{"start":{"line":10,"column":2},"end":{"line":23,"column":3}},"6":{"start":{"line":11,"column":4},"end":{"line":15,"column":5}},"7":{"start":{"line":12,"column":6},"end":{"line":12,"column":114}},"8":{"start":{"line":14,"column":6},"end":{"line":14,"column":95}},"9":{"start":{"line":16,"column":39},"end":{"line":20,"column":6}},"10":{"start":{"line":21,"column":4},"end":{"line":21,"column":45}},"11":{"start":{"line":22,"column":4},"end":{"line":22,"column":11}},"12":{"start":{"line":25,"column":2},"end":{"line":30,"column":3}},"13":{"start":{"line":26,"column":21},"end":{"line":26,"column":110}},"14":{"start":{"line":27,"column":15},"end":{"line":27,"column":43}},"15":{"start":{"line":28,"column":4},"end":{"line":28,"column":85}},"16":{"start":{"line":29,"column":4},"end":{"line":29,"column":11}},"17":{"start":{"line":32,"column":18},"end":{"line":32,"column":79}},"18":{"start":{"line":33,"column":2},"end":{"line":37,"column":5}},"19":{"start":{"line":38,"column":2},"end":{"line":38,"column":87}},"20":{"start":{"line":42,"column":20},"end":{"line":42,"column":91}},"21":{"start":{"line":43,"column":2},"end":{"line":47,"column":5}}},"fnMap":{"0":{"name":"errorHandler","decl":{"start":{"line":6,"column":16},"end":{"line":6,"column":28}},"loc":{"start":{"line":7,"column":21},"end":{"line":39,"column":1}}},"1":{"name":"notFoundHandler","decl":{"start":{"line":41,"column":16},"end":{"line":41,"column":31}},"loc":{"start":{"line":41,"column":59},"end":{"line":48,"column":1}}}},"branchMap":{"0":{"loc":{"start":{"line":8,"column":20},"end":{"line":8,"column":91}},"type":"binary-expr","locations":[{"start":{"line":8,"column":20},"end":{"line":8,"column":33}},{"start":{"line":8,"column":38},"end":{"line":8,"column":78}},{"start":{"line":8,"column":82},"end":{"line":8,"column":91}}]},"1":{"loc":{"start":{"line":10,"column":2},"end":{"line":23,"column":3}},"type":"if","locations":[{"start":{"line":10,"column":2},"end":{"line":23,"column":3}}]},"2":{"loc":{"start":{"line":11,"column":4},"end":{"line":15,"column":5}},"type":"if","locations":[{"start":{"line":11,"column":4},"end":{"line":15,"column":5}},{"start":{"line":13,"column":11},"end":{"line":15,"column":5}}]},"3":{"loc":{"start":{"line":25,"column":2},"end":{"line":30,"column":3}},"type":"if","locations":[{"start":{"line":25,"column":2},"end":{"line":30,"column":3}}]},"4":{"loc":{"start":{"line":25,"column":6},"end":{"line":25,"column":55}},"type":"binary-expr","locations":[{"start":{"line":25,"column":6},"end":{"line":25,"column":9}},{"start":{"line":25,"column":13},"end":{"line":25,"column":36}},{"start":{"line":25,"column":40},"end":{"line":25,"column":55}}]},"5":{"loc":{"start":{"line":26,"column":21},"end":{"line":26,"column":110}},"type":"binary-expr","locations":[{"start":{"line":26,"column":21},"end":{"line":26,"column":86}},{"start":{"line":26,"column":90},"end":{"line":26,"column":110}}]},"6":{"loc":{"start":{"line":32,"column":18},"end":{"line":32,"column":79}},"type":"cond-expr","locations":[{"start":{"line":32,"column":41},"end":{"line":32,"column":52}},{"start":{"line":32,"column":55},"end":{"line":32,"column":79}}]},"7":{"loc":{"start":{"line":36,"column":11},"end":{"line":36,"column":55}},"type":"cond-expr","locations":[{"start":{"line":36,"column":34},"end":{"line":36,"column":43}},{"start":{"line":36,"column":46},"end":{"line":36,"column":55}}]},"8":{"loc":{"start":{"line":42,"column":20},"end":{"line":42,"column":91}},"type":"binary-expr","locations":[{"start":{"line":42,"column":20},"end":{"line":42,"column":33}},{"start":{"line":42,"column":38},"end":{"line":42,"column":78}},{"start":{"line":42,"column":82},"end":{"line":42,"column":91}}]}},"s":{"0":1,"1":1,"2":1,"3":1,"4":5,"5":5,"6":5,"7":1,"8":4,"9":5,"10":5,"11":5,"12":0,"13":0,"14":0,"15":0,"16":0,"17":0,"18":0,"19":0,"20":1,"21":1},"f":{"0":5,"1":1},"b":{"0":[5,0,0],"1":[5],"2":[1,4],"3":[0],"4":[0,0,0],"5":[0,0],"6":[0,0],"7":[0,0],"8":[1,0,0]}}
,"C:\\Users\\user\\OneDrive\\Desktop\\Digital-Heroes\\page-pulse\\server\\src\\middlewares\\rate-limit.middleware.ts": {"path":"C:\\Users\\user\\OneDrive\\Desktop\\Digital-Heroes\\page-pulse\\server\\src\\middlewares\\rate-limit.middleware.ts","statementMap":{"0":{"start":{"line":5,"column":0},"end":{"line":5,"column":16}},"1":{"start":{"line":1,"column":0},"end":{"line":1,"column":43}},"2":{"start":{"line":2,"column":0},"end":{"line":2,"column":39}},"3":{"start":{"line":6,"column":2},"end":{"line":25,"column":5}},"4":{"start":{"line":12,"column":18},"end":{"line":12,"column":48}},"5":{"start":{"line":13,"column":6},"end":{"line":15,"column":7}},"6":{"start":{"line":14,"column":8},"end":{"line":14,"column":40}},"7":{"start":{"line":16,"column":6},"end":{"line":16,"column":62}},"8":{"start":{"line":19,"column":6},"end":{"line":23,"column":9}}},"fnMap":{"0":{"name":"createAuditRateLimiter","decl":{"start":{"line":5,"column":16},"end":{"line":5,"column":38}},"loc":{"start":{"line":5,"column":38},"end":{"line":26,"column":1}}},"1":{"name":"(anonymous_2)","decl":{"start":{"line":11,"column":18},"end":{"line":11,"column":19}},"loc":{"start":{"line":11,"column":35},"end":{"line":17,"column":5}}},"2":{"name":"(anonymous_3)","decl":{"start":{"line":18,"column":13},"end":{"line":18,"column":14}},"loc":{"start":{"line":18,"column":46},"end":{"line":24,"column":5}}}},"branchMap":{"0":{"loc":{"start":{"line":13,"column":6},"end":{"line":15,"column":7}},"type":"if","locations":[{"start":{"line":13,"column":6},"end":{"line":15,"column":7}}]},"1":{"loc":{"start":{"line":16,"column":13},"end":{"line":16,"column":61}},"type":"binary-expr","locations":[{"start":{"line":16,"column":13},"end":{"line":16,"column":19}},{"start":{"line":16,"column":23},"end":{"line":16,"column":48}},{"start":{"line":16,"column":52},"end":{"line":16,"column":61}}]}},"s":{"0":1,"1":1,"2":1,"3":13,"4":113,"5":113,"6":0,"7":113,"8":1},"f":{"0":13,"1":113,"2":1},"b":{"0":[0],"1":[113,0,0]}}
,"C:\\Users\\user\\OneDrive\\Desktop\\Digital-Heroes\\page-pulse\\server\\src\\middlewares\\request-id.middleware.ts": {"path":"C:\\Users\\user\\OneDrive\\Desktop\\Digital-Heroes\\page-pulse\\server\\src\\middlewares\\request-id.middleware.ts","statementMap":{"0":{"start":{"line":10,"column":0},"end":{"line":10,"column":16}},"1":{"start":{"line":2,"column":0},"end":{"line":2,"column":59}},"2":{"start":{"line":11,"column":19},"end":{"line":11,"column":45}},"3":{"start":{"line":12,"column":2},"end":{"line":12,"column":101}},"4":{"start":{"line":13,"column":2},"end":{"line":13,"column":47}},"5":{"start":{"line":14,"column":2},"end":{"line":14,"column":9}}},"fnMap":{"0":{"name":"requestIdMiddleware","decl":{"start":{"line":10,"column":16},"end":{"line":10,"column":35}},"loc":{"start":{"line":10,"column":83},"end":{"line":15,"column":1}}}},"branchMap":{"0":{"loc":{"start":{"line":12,"column":18},"end":{"line":12,"column":100}},"type":"cond-expr","locations":[{"start":{"line":12,"column":70},"end":{"line":12,"column":78}},{"start":{"line":12,"column":81},"end":{"line":12,"column":100}}]},"1":{"loc":{"start":{"line":12,"column":18},"end":{"line":12,"column":67}},"type":"binary-expr","locations":[{"start":{"line":12,"column":18},"end":{"line":12,"column":26}},{"start":{"line":12,"column":30},"end":{"line":12,"column":67}}]}},"s":{"0":1,"1":1,"2":116,"3":116,"4":116,"5":116},"f":{"0":116},"b":{"0":[0,116],"1":[116,0]}}
,"C:\\Users\\user\\OneDrive\\Desktop\\Digital-Heroes\\page-pulse\\server\\src\\middlewares\\validation.middleware.ts": {"path":"C:\\Users\\user\\OneDrive\\Desktop\\Digital-Heroes\\page-pulse\\server\\src\\middlewares\\validation.middleware.ts","statementMap":{"0":{"start":{"line":5,"column":0},"end":{"line":5,"column":16}},"1":{"start":{"line":2,"column":0},"end":{"line":2,"column":56}},"2":{"start":{"line":3,"column":0},"end":{"line":3,"column":53}},"3":{"start":{"line":6,"column":17},"end":{"line":6,"column":41}},"4":{"start":{"line":7,"column":2},"end":{"line":12,"column":3}},"5":{"start":{"line":8,"column":23},"end":{"line":8,"column":45}},"6":{"start":{"line":9,"column":20},"end":{"line":9,"column":66}},"7":{"start":{"line":10,"column":4},"end":{"line":10,"column":39}},"8":{"start":{"line":11,"column":4},"end":{"line":11,"column":11}},"9":{"start":{"line":13,"column":2},"end":{"line":13,"column":25}},"10":{"start":{"line":14,"column":2},"end":{"line":14,"column":9}}},"fnMap":{"0":{"name":"validateAuditBody","decl":{"start":{"line":5,"column":16},"end":{"line":5,"column":33}},"loc":{"start":{"line":5,"column":82},"end":{"line":15,"column":1}}}},"branchMap":{"0":{"loc":{"start":{"line":7,"column":2},"end":{"line":12,"column":3}},"type":"if","locations":[{"start":{"line":7,"column":2},"end":{"line":12,"column":3}}]},"1":{"loc":{"start":{"line":9,"column":20},"end":{"line":9,"column":66}},"type":"binary-expr","locations":[{"start":{"line":9,"column":20},"end":{"line":9,"column":39}},{"start":{"line":9,"column":43},"end":{"line":9,"column":66}}]}},"s":{"0":1,"1":1,"2":1,"3":112,"4":112,"5":4,"6":4,"7":4,"8":4,"9":108,"10":108},"f":{"0":112},"b":{"0":[4],"1":[4,0]}}
,"C:\\Users\\user\\OneDrive\\Desktop\\Digital-Heroes\\page-pulse\\server\\src\\routes\\index.ts": {"path":"C:\\Users\\user\\OneDrive\\Desktop\\Digital-Heroes\\page-pulse\\server\\src\\routes\\index.ts","statementMap":{"0":{"start":{"line":6,"column":0},"end":{"line":6,"column":16}},"1":{"start":{"line":1,"column":0},"end":{"line":1,"column":33}},"2":{"start":{"line":2,"column":0},"end":{"line":2,"column":106}},"3":{"start":{"line":3,"column":0},"end":{"line":3,"column":76}},"4":{"start":{"line":4,"column":0},"end":{"line":4,"column":81}},"5":{"start":{"line":7,"column":17},"end":{"line":7,"column":25}},"6":{"start":{"line":9,"column":2},"end":{"line":9,"column":42}},"7":{"start":{"line":10,"column":2},"end":{"line":10,"column":44}},"8":{"start":{"line":11,"column":2},"end":{"line":11,"column":86}},"9":{"start":{"line":13,"column":2},"end":{"line":13,"column":16}}},"fnMap":{"0":{"name":"createApiRouter","decl":{"start":{"line":6,"column":16},"end":{"line":6,"column":31}},"loc":{"start":{"line":6,"column":31},"end":{"line":14,"column":1}}}},"branchMap":{},"s":{"0":1,"1":1,"2":1,"3":1,"4":1,"5":13,"6":13,"7":13,"8":13,"9":13},"f":{"0":13},"b":{}}
,"C:\\Users\\user\\OneDrive\\Desktop\\Digital-Heroes\\page-pulse\\server\\src\\services\\audit.service.ts": {"path":"C:\\Users\\user\\OneDrive\\Desktop\\Digital-Heroes\\page-pulse\\server\\src\\services\\audit.service.ts","statementMap":{"0":{"start":{"line":66,"column":0},"end":{"line":66,"column":7}},"1":{"start":{"line":140,"column":0},"end":{"line":140,"column":16}},"2":{"start":{"line":1,"column":0},"end":{"line":1,"column":39}},"3":{"start":{"line":2,"column":0},"end":{"line":2,"column":68}},"4":{"start":{"line":3,"column":0},"end":{"line":3,"column":68}},"5":{"start":{"line":4,"column":0},"end":{"line":4,"column":48}},"6":{"start":{"line":5,"column":0},"end":{"line":5,"column":52}},"7":{"start":{"line":7,"column":0},"end":{"line":7,"column":46}},"8":{"start":{"line":17,"column":16},"end":{"line":17,"column":33}},"9":{"start":{"line":18,"column":21},"end":{"line":18,"column":42}},"10":{"start":{"line":19,"column":18},"end":{"line":19,"column":65}},"11":{"start":{"line":19,"column":35},"end":{"line":19,"column":53}},"12":{"start":{"line":21,"column":2},"end":{"line":63,"column":3}},"13":{"start":{"line":22,"column":16},"end":{"line":31,"column":6}},"14":{"start":{"line":32,"column":25},"end":{"line":32,"column":62}},"15":{"start":{"line":34,"column":31},"end":{"line":34,"column":35}},"16":{"start":{"line":35,"column":4},"end":{"line":42,"column":5}},"17":{"start":{"line":36,"column":19},"end":{"line":36,"column":35}},"18":{"start":{"line":38,"column":20},"end":{"line":38,"column":63}},"19":{"start":{"line":39,"column":6},"end":{"line":39,"column":66}},"20":{"start":{"line":39,"column":22},"end":{"line":39,"column":66}},"21":{"start":{"line":44,"column":4},"end":{"line":49,"column":6}},"22":{"start":{"line":51,"column":25},"end":{"line":51,"column":62}},"23":{"start":{"line":52,"column":4},"end":{"line":54,"column":5}},"24":{"start":{"line":53,"column":6},"end":{"line":53,"column":81}},"25":{"start":{"line":55,"column":4},"end":{"line":60,"column":6}},"26":{"start":{"line":62,"column":4},"end":{"line":62,"column":26}},"27":{"start":{"line":72,"column":17},"end":{"line":72,"column":36}},"28":{"start":{"line":74,"column":2},"end":{"line":93,"column":3}},"29":{"start":{"line":76,"column":32},"end":{"line":81,"column":6}},"30":{"start":{"line":83,"column":4},"end":{"line":90,"column":7}},"31":{"start":{"line":92,"column":4},"end":{"line":92,"column":18}},"32":{"start":{"line":96,"column":2},"end":{"line":109,"column":3}},"33":{"start":{"line":97,"column":4},"end":{"line":99,"column":7}},"34":{"start":{"line":98,"column":6},"end":{"line":98,"column":49}},"35":{"start":{"line":102,"column":4},"end":{"line":105,"column":5}},"36":{"start":{"line":103,"column":6},"end":{"line":103,"column":104}},"37":{"start":{"line":104,"column":6},"end":{"line":104,"column":16}},"38":{"start":{"line":106,"column":20},"end":{"line":106,"column":78}},"39":{"start":{"line":107,"column":4},"end":{"line":107,"column":98}},"40":{"start":{"line":108,"column":4},"end":{"line":108,"column":40}},"41":{"start":{"line":111,"column":30},"end":{"line":120,"column":4}},"42":{"start":{"line":122,"column":2},"end":{"line":124,"column":3}},"43":{"start":{"line":123,"column":4},"end":{"line":123,"column":54}},"44":{"start":{"line":125,"column":2},"end":{"line":125,"column":27}},"45":{"start":{"line":127,"column":2},"end":{"line":127,"column":104}},"46":{"start":{"line":128,"column":2},"end":{"line":128,"column":16}},"47":{"start":{"line":132,"column":2},"end":{"line":137,"column":28}},"48":{"start":{"line":141,"column":2},"end":{"line":141,"column":23}}},"fnMap":{"0":{"name":"probeUrl","decl":{"start":{"line":16,"column":15},"end":{"line":16,"column":23}},"loc":{"start":{"line":16,"column":54},"end":{"line":64,"column":1}}},"1":{"name":"(anonymous_1)","decl":{"start":{"line":19,"column":29},"end":{"line":19,"column":32}},"loc":{"start":{"line":19,"column":35},"end":{"line":19,"column":53}}},"2":{"name":"auditWebsite","decl":{"start":{"line":66,"column":22},"end":{"line":66,"column":34}},"loc":{"start":{"line":69,"column":12},"end":{"line":129,"column":1}}},"3":{"name":"(anonymous_3)","decl":{"start":{"line":97,"column":33},"end":{"line":97,"column":36}},"loc":{"start":{"line":97,"column":38},"end":{"line":99,"column":5}}},"4":{"name":"decodeHtmlEntities","decl":{"start":{"line":131,"column":9},"end":{"line":131,"column":27}},"loc":{"start":{"line":131,"column":37},"end":{"line":138,"column":1}}},"5":{"name":"resetAuditState","decl":{"start":{"line":140,"column":16},"end":{"line":140,"column":31}},"loc":{"start":{"line":140,"column":31},"end":{"line":142,"column":1}}}},"branchMap":{"0":{"loc":{"start":{"line":39,"column":6},"end":{"line":39,"column":66}},"type":"if","locations":[{"start":{"line":39,"column":6},"end":{"line":39,"column":66}}]},"1":{"loc":{"start":{"line":46,"column":17},"end":{"line":46,"column":43}},"type":"binary-expr","locations":[{"start":{"line":46,"column":17},"end":{"line":46,"column":23}},{"start":{"line":46,"column":27},"end":{"line":46,"column":43}}]},"2":{"loc":{"start":{"line":52,"column":4},"end":{"line":54,"column":5}},"type":"if","locations":[{"start":{"line":52,"column":4},"end":{"line":54,"column":5}}]},"3":{"loc":{"start":{"line":74,"column":2},"end":{"line":93,"column":3}},"type":"if","locations":[{"start":{"line":74,"column":2},"end":{"line":93,"column":3}}]},"4":{"loc":{"start":{"line":102,"column":4},"end":{"line":105,"column":5}},"type":"if","locations":[{"start":{"line":102,"column":4},"end":{"line":105,"column":5}}]},"5":{"loc":{"start":{"line":102,"column":8},"end":{"line":102,"column":92}},"type":"binary-expr","locations":[{"start":{"line":102,"column":8},"end":{"line":102,"column":35}},{"start":{"line":102,"column":40},"end":{"line":102,"column":60}},{"start":{"line":102,"column":64},"end":{"line":102,"column":91}}]},"6":{"loc":{"start":{"line":106,"column":20},"end":{"line":106,"column":78}},"type":"cond-expr","locations":[{"start":{"line":106,"column":43},"end":{"line":106,"column":54}},{"start":{"line":106,"column":57},"end":{"line":106,"column":78}}]},"7":{"loc":{"start":{"line":122,"column":2},"end":{"line":124,"column":3}},"type":"if","locations":[{"start":{"line":122,"column":2},"end":{"line":124,"column":3}}]}},"s":{"0":2,"1":2,"2":2,"3":2,"4":2,"5":2,"6":2,"7":2,"8":17,"9":17,"10":17,"11":2,"12":17,"13":17,"14":13,"15":13,"16":13,"17":13,"18":11,"19":11,"20":11,"21":13,"22":4,"23":4,"24":2,"25":2,"26":17,"27":118,"28":118,"29":101,"30":101,"31":101,"32":17,"33":17,"34":17,"35":2,"36":2,"37":2,"38":0,"39":0,"40":0,"41":15,"42":15,"43":12,"44":15,"45":15,"46":15,"47":11,"48":8},"f":{"0":17,"1":2,"2":118,"3":17,"4":11,"5":8},"b":{"0":[11],"1":[13,2],"2":[2],"3":[101],"4":[2],"5":[2,2,2],"6":[0,0],"7":[12]}}
,"C:\\Users\\user\\OneDrive\\Desktop\\Digital-Heroes\\page-pulse\\server\\src\\services\\cache.service.ts": {"path":"C:\\Users\\user\\OneDrive\\Desktop\\Digital-Heroes\\page-pulse\\server\\src\\services\\cache.service.ts","statementMap":{"0":{"start":{"line":11,"column":0},"end":{"line":11,"column":16}},"1":{"start":{"line":15,"column":0},"end":{"line":15,"column":16}},"2":{"start":{"line":19,"column":0},"end":{"line":19,"column":16}},"3":{"start":{"line":23,"column":0},"end":{"line":23,"column":16}},"4":{"start":{"line":1,"column":0},"end":{"line":1,"column":35}},"5":{"start":{"line":2,"column":0},"end":{"line":2,"column":39}},"6":{"start":{"line":5,"column":14},"end":{"line":9,"column":2}},"7":{"start":{"line":12,"column":2},"end":{"line":12,"column":37}},"8":{"start":{"line":16,"column":2},"end":{"line":16,"column":25}},"9":{"start":{"line":20,"column":2},"end":{"line":20,"column":19}},"10":{"start":{"line":24,"column":2},"end":{"line":24,"column":26}}},"fnMap":{"0":{"name":"getCachedAudit","decl":{"start":{"line":11,"column":16},"end":{"line":11,"column":30}},"loc":{"start":{"line":11,"column":42},"end":{"line":13,"column":1}}},"1":{"name":"setCachedAudit","decl":{"start":{"line":15,"column":16},"end":{"line":15,"column":30}},"loc":{"start":{"line":15,"column":63},"end":{"line":17,"column":1}}},"2":{"name":"clearCache","decl":{"start":{"line":19,"column":16},"end":{"line":19,"column":26}},"loc":{"start":{"line":19,"column":26},"end":{"line":21,"column":1}}},"3":{"name":"cacheStats","decl":{"start":{"line":23,"column":16},"end":{"line":23,"column":26}},"loc":{"start":{"line":23,"column":26},"end":{"line":25,"column":1}}}},"branchMap":{"0":{"loc":{"start":{"line":7,"column":15},"end":{"line":7,"column":46}},"type":"binary-expr","locations":[{"start":{"line":7,"column":15},"end":{"line":7,"column":40}},{"start":{"line":7,"column":44},"end":{"line":7,"column":46}}]}},"s":{"0":2,"1":2,"2":2,"3":2,"4":2,"5":2,"6":2,"7":118,"8":12,"9":21,"10":0},"f":{"0":118,"1":12,"2":21,"3":0},"b":{"0":[2,0]}}
,"C:\\Users\\user\\OneDrive\\Desktop\\Digital-Heroes\\page-pulse\\server\\src\\services\\history.service.ts": {"path":"C:\\Users\\user\\OneDrive\\Desktop\\Digital-Heroes\\page-pulse\\server\\src\\services\\history.service.ts","statementMap":{"0":{"start":{"line":1,"column":0},"end":{"line":1,"column":39}},"1":{"start":{"line":5,"column":35},"end":{"line":5,"column":37}},"2":{"start":{"line":8,"column":4},"end":{"line":8,"column":33}},"3":{"start":{"line":9,"column":4},"end":{"line":11,"column":5}},"4":{"start":{"line":10,"column":6},"end":{"line":10,"column":62}},"5":{"start":{"line":15,"column":4},"end":{"line":15,"column":29}},"6":{"start":{"line":19,"column":4},"end":{"line":19,"column":22}},"7":{"start":{"line":23,"column":13},"end":{"line":23,"column":47}}},"fnMap":{"0":{"name":"(anonymous_0)","decl":{"start":{"line":7,"column":2},"end":{"line":7,"column":5}},"loc":{"start":{"line":7,"column":25},"end":{"line":12,"column":3}}},"1":{"name":"(anonymous_1)","decl":{"start":{"line":14,"column":2},"end":{"line":14,"column":6}},"loc":{"start":{"line":14,"column":6},"end":{"line":16,"column":3}}},"2":{"name":"(anonymous_2)","decl":{"start":{"line":18,"column":2},"end":{"line":18,"column":7}},"loc":{"start":{"line":18,"column":7},"end":{"line":20,"column":3}}}},"branchMap":{"0":{"loc":{"start":{"line":9,"column":4},"end":{"line":11,"column":5}},"type":"if","locations":[{"start":{"line":9,"column":4},"end":{"line":11,"column":5}}]}},"s":{"0":2,"1":2,"2":15,"3":15,"4":0,"5":3,"6":21,"7":2},"f":{"0":15,"1":3,"2":21},"b":{"0":[0]}}
,"C:\\Users\\user\\OneDrive\\Desktop\\Digital-Heroes\\page-pulse\\server\\src\\services\\queue.service.ts": {"path":"C:\\Users\\user\\OneDrive\\Desktop\\Digital-Heroes\\page-pulse\\server\\src\\services\\queue.service.ts","statementMap":{"0":{"start":{"line":1,"column":0},"end":{"line":1,"column":39}},"1":{"start":{"line":4,"column":19},"end":{"line":4,"column":20}},"2":{"start":{"line":5,"column":48},"end":{"line":5,"column":50}},"3":{"start":{"line":7,"column":31},"end":{"line":7,"column":55}},"4":{"start":{"line":10,"column":4},"end":{"line":10,"column":23}},"5":{"start":{"line":14,"column":4},"end":{"line":14,"column":31}},"6":{"start":{"line":18,"column":4},"end":{"line":20,"column":5}},"7":{"start":{"line":19,"column":6},"end":{"line":19,"column":71}},"8":{"start":{"line":19,"column":43},"end":{"line":19,"column":69}},"9":{"start":{"line":21,"column":4},"end":{"line":21,"column":18}},"10":{"start":{"line":22,"column":4},"end":{"line":28,"column":5}},"11":{"start":{"line":23,"column":6},"end":{"line":23,"column":26}},"12":{"start":{"line":25,"column":6},"end":{"line":25,"column":20}},"13":{"start":{"line":26,"column":19},"end":{"line":26,"column":39}},"14":{"start":{"line":27,"column":6},"end":{"line":27,"column":23}},"15":{"start":{"line":27,"column":16},"end":{"line":27,"column":23}},"16":{"start":{"line":3,"column":0},"end":{"line":3,"column":13}},"17":{"start":{"line":32,"column":13},"end":{"line":32,"column":49}}},"fnMap":{"0":{"name":"(anonymous_0)","decl":{"start":{"line":7,"column":2},"end":{"line":7,"column":31}},"loc":{"start":{"line":7,"column":80},"end":{"line":7,"column":84}}},"1":{"name":"(anonymous_1)","decl":{"start":{"line":9,"column":2},"end":{"line":9,"column":6}},"loc":{"start":{"line":9,"column":13},"end":{"line":11,"column":3}}},"2":{"name":"(anonymous_2)","decl":{"start":{"line":13,"column":2},"end":{"line":13,"column":6}},"loc":{"start":{"line":13,"column":13},"end":{"line":15,"column":3}}},"3":{"name":"(anonymous_3)","decl":{"start":{"line":17,"column":2},"end":{"line":17,"column":7}},"loc":{"start":{"line":17,"column":37},"end":{"line":29,"column":3}}},"4":{"name":"(anonymous_4)","decl":{"start":{"line":19,"column":30},"end":{"line":19,"column":31}},"loc":{"start":{"line":19,"column":43},"end":{"line":19,"column":69}}}},"branchMap":{"0":{"loc":{"start":{"line":7,"column":31},"end":{"line":7,"column":80}},"type":"default-arg","locations":[{"start":{"line":7,"column":55},"end":{"line":7,"column":80}}]},"1":{"loc":{"start":{"line":18,"column":4},"end":{"line":20,"column":5}},"type":"if","locations":[{"start":{"line":18,"column":4},"end":{"line":20,"column":5}}]},"2":{"loc":{"start":{"line":27,"column":6},"end":{"line":27,"column":23}},"type":"if","locations":[{"start":{"line":27,"column":6},"end":{"line":27,"column":23}}]}},"s":{"0":2,"1":2,"2":2,"3":2,"4":0,"5":0,"6":17,"7":0,"8":0,"9":17,"10":17,"11":17,"12":17,"13":17,"14":17,"15":0,"16":2,"17":2},"f":{"0":2,"1":0,"2":0,"3":17,"4":0},"b":{"0":[2],"1":[0],"2":[0]}}
,"C:\\Users\\user\\OneDrive\\Desktop\\Digital-Heroes\\page-pulse\\server\\src\\types\\index.ts": {"path":"C:\\Users\\user\\OneDrive\\Desktop\\Digital-Heroes\\page-pulse\\server\\src\\types\\index.ts","statementMap":{"0":{"start":{"line":1,"column":0},"end":{"line":1,"column":24}},"1":{"start":{"line":3,"column":13},"end":{"line":17,"column":3}},"2":{"start":{"line":9,"column":6},"end":{"line":14,"column":7}},"3":{"start":{"line":10,"column":18},"end":{"line":10,"column":74}},"4":{"start":{"line":11,"column":8},"end":{"line":11,"column":95}},"5":{"start":{"line":13,"column":8},"end":{"line":13,"column":21}},"6":{"start":{"line":16,"column":25},"end":{"line":16,"column":72}}},"fnMap":{"0":{"name":"(anonymous_0)","decl":{"start":{"line":8,"column":12},"end":{"line":8,"column":13}},"loc":{"start":{"line":8,"column":20},"end":{"line":15,"column":5}}},"1":{"name":"(anonymous_1)","decl":{"start":{"line":16,"column":15},"end":{"line":16,"column":16}},"loc":{"start":{"line":16,"column":25},"end":{"line":16,"column":72}}}},"branchMap":{"0":{"loc":{"start":{"line":10,"column":26},"end":{"line":10,"column":73}},"type":"cond-expr","locations":[{"start":{"line":10,"column":51},"end":{"line":10,"column":54}},{"start":{"line":10,"column":57},"end":{"line":10,"column":73}}]},"1":{"loc":{"start":{"line":11,"column":15},"end":{"line":11,"column":94}},"type":"binary-expr","locations":[{"start":{"line":11,"column":16},"end":{"line":11,"column":38}},{"start":{"line":11,"column":42},"end":{"line":11,"column":65}},{"start":{"line":11,"column":70},"end":{"line":11,"column":94}}]},"2":{"loc":{"start":{"line":16,"column":25},"end":{"line":16,"column":72}},"type":"cond-expr","locations":[{"start":{"line":16,"column":50},"end":{"line":16,"column":53}},{"start":{"line":16,"column":56},"end":{"line":16,"column":72}}]}},"s":{"0":1,"1":1,"2":109,"3":109,"4":108,"5":1,"6":108},"f":{"0":109,"1":108},"b":{"0":[107,2],"1":[108,108,108],"2":[107,1]}}
,"C:\\Users\\user\\OneDrive\\Desktop\\Digital-Heroes\\page-pulse\\server\\src\\utils\\errors.ts": {"path":"C:\\Users\\user\\OneDrive\\Desktop\\Digital-Heroes\\page-pulse\\server\\src\\utils\\errors.ts","statementMap":{"0":{"start":{"line":4,"column":4},"end":{"line":4,"column":19}},"1":{"start":{"line":5,"column":4},"end":{"line":5,"column":27}},"2":{"start":{"line":6,"column":4},"end":{"line":6,"column":33}},"3":{"start":{"line":7,"column":4},"end":{"line":7,"column":52}},"4":{"start":{"line":1,"column":0},"end":{"line":1,"column":13}},"5":{"start":{"line":13,"column":4},"end":{"line":13,"column":24}},"6":{"start":{"line":14,"column":4},"end":{"line":14,"column":34}},"7":{"start":{"line":11,"column":0},"end":{"line":11,"column":13}},"8":{"start":{"line":20,"column":4},"end":{"line":20,"column":24}},"9":{"start":{"line":21,"column":4},"end":{"line":21,"column":33}},"10":{"start":{"line":18,"column":0},"end":{"line":18,"column":13}},"11":{"start":{"line":27,"column":4},"end":{"line":27,"column":24}},"12":{"start":{"line":28,"column":4},"end":{"line":28,"column":31}},"13":{"start":{"line":25,"column":0},"end":{"line":25,"column":13}},"14":{"start":{"line":34,"column":4},"end":{"line":34,"column":24}},"15":{"start":{"line":35,"column":4},"end":{"line":35,"column":35}},"16":{"start":{"line":32,"column":0},"end":{"line":32,"column":13}}},"fnMap":{"0":{"name":"(anonymous_0)","decl":{"start":{"line":3,"column":2},"end":{"line":3,"column":14}},"loc":{"start":{"line":3,"column":47},"end":{"line":8,"column":3}}},"1":{"name":"(anonymous_1)","decl":{"start":{"line":12,"column":2},"end":{"line":12,"column":14}},"loc":{"start":{"line":12,"column":29},"end":{"line":15,"column":3}}},"2":{"name":"(anonymous_2)","decl":{"start":{"line":19,"column":2},"end":{"line":19,"column":14}},"loc":{"start":{"line":19,"column":29},"end":{"line":22,"column":3}}},"3":{"name":"(anonymous_3)","decl":{"start":{"line":26,"column":2},"end":{"line":26,"column":14}},"loc":{"start":{"line":26,"column":29},"end":{"line":29,"column":3}}},"4":{"name":"(anonymous_4)","decl":{"start":{"line":33,"column":2},"end":{"line":33,"column":14}},"loc":{"start":{"line":33,"column":29},"end":{"line":36,"column":3}}}},"branchMap":{"0":{"loc":{"start":{"line":3,"column":31},"end":{"line":3,"column":47}},"type":"default-arg","locations":[{"start":{"line":3,"column":44},"end":{"line":3,"column":47}}]}},"s":{"0":6,"1":6,"2":6,"3":6,"4":2,"5":4,"6":4,"7":2,"8":0,"9":0,"10":2,"11":2,"12":2,"13":2,"14":0,"15":0,"16":2},"f":{"0":6,"1":4,"2":0,"3":2,"4":0},"b":{"0":[0]}}
,"C:\\Users\\user\\OneDrive\\Desktop\\Digital-Heroes\\page-pulse\\server\\src\\utils\\logger.ts": {"path":"C:\\Users\\user\\OneDrive\\Desktop\\Digital-Heroes\\page-pulse\\server\\src\\utils\\logger.ts","statementMap":{"0":{"start":{"line":36,"column":0},"end":{"line":36,"column":16}},"1":{"start":{"line":1,"column":0},"end":{"line":1,"column":30}},"2":{"start":{"line":2,"column":0},"end":{"line":2,"column":47}},"3":{"start":{"line":4,"column":19},"end":{"line":6,"column":null}},"4":{"start":{"line":9,"column":19},"end":{"line":9,"column":76}},"5":{"start":{"line":11,"column":22},"end":{"line":18,"column":null}},"6":{"start":{"line":15,"column":51},"end":{"line":15,"column":82}},"7":{"start":{"line":16,"column":17},"end":{"line":16,"column":75}},"8":{"start":{"line":17,"column":4},"end":{"line":17,"column":64}},"9":{"start":{"line":21,"column":13},"end":{"line":34,"column":3}},"10":{"start":{"line":45,"column":66},"end":{"line":45,"column":70}},"11":{"start":{"line":46,"column":2},"end":{"line":50,"column":3}},"12":{"start":{"line":47,"column":4},"end":{"line":47,"column":74}},"13":{"start":{"line":49,"column":4},"end":{"line":49,"column":85}},"14":{"start":{"line":51,"column":2},"end":{"line":51,"column":11}}},"fnMap":{"0":{"name":"(anonymous_1)","decl":{"start":{"line":14,"column":24},"end":{"line":14,"column":25}},"loc":{"start":{"line":14,"column":33},"end":{"line":18,"column":3}}},"1":{"name":"logAudit","decl":{"start":{"line":36,"column":16},"end":{"line":36,"column":24}},"loc":{"start":{"line":44,"column":1},"end":{"line":52,"column":1}}}},"branchMap":{"0":{"loc":{"start":{"line":16,"column":17},"end":{"line":16,"column":75}},"type":"cond-expr","locations":[{"start":{"line":16,"column":44},"end":{"line":16,"column":70}},{"start":{"line":16,"column":73},"end":{"line":16,"column":75}}]},"1":{"loc":{"start":{"line":22,"column":9},"end":{"line":22,"column":34}},"type":"cond-expr","locations":[{"start":{"line":22,"column":18},"end":{"line":22,"column":24}},{"start":{"line":22,"column":27},"end":{"line":22,"column":34}}]},"2":{"loc":{"start":{"line":23,"column":10},"end":{"line":23,"column":45}},"type":"cond-expr","locations":[{"start":{"line":23,"column":19},"end":{"line":23,"column":29}},{"start":{"line":23,"column":32},"end":{"line":23,"column":45}}]},"3":{"loc":{"start":{"line":27,"column":8},"end":{"line":32,"column":10}},"type":"cond-expr","locations":[{"start":{"line":28,"column":8},"end":{"line":31,"column":null}},{"start":{"line":32,"column":8},"end":{"line":32,"column":10}}]},"4":{"loc":{"start":{"line":46,"column":2},"end":{"line":50,"column":3}},"type":"if","locations":[{"start":{"line":46,"column":2},"end":{"line":50,"column":3}},{"start":{"line":48,"column":9},"end":{"line":50,"column":3}}]}},"s":{"0":2,"1":2,"2":2,"3":2,"4":2,"5":2,"6":231,"7":231,"8":231,"9":2,"10":118,"11":118,"12":2,"13":116,"14":118},"f":{"0":231,"1":118},"b":{"0":[231,0],"1":[0,2],"2":[0,2],"3":[0,2],"4":[2,116]}}
,"C:\\Users\\user\\OneDrive\\Desktop\\Digital-Heroes\\page-pulse\\server\\src\\utils\\request-id.ts": {"path":"C:\\Users\\user\\OneDrive\\Desktop\\Digital-Heroes\\page-pulse\\server\\src\\utils\\request-id.ts","statementMap":{"0":{"start":{"line":3,"column":0},"end":{"line":3,"column":16}},"1":{"start":{"line":1,"column":0},"end":{"line":1,"column":36}},"2":{"start":{"line":4,"column":2},"end":{"line":4,"column":18}}},"fnMap":{"0":{"name":"generateRequestId","decl":{"start":{"line":3,"column":16},"end":{"line":3,"column":33}},"loc":{"start":{"line":3,"column":33},"end":{"line":5,"column":1}}}},"branchMap":{},"s":{"0":1,"1":1,"2":116},"f":{"0":116},"b":{}}
,"C:\\Users\\user\\OneDrive\\Desktop\\Digital-Heroes\\page-pulse\\server\\src\\utils\\validation.ts": {"path":"C:\\Users\\user\\OneDrive\\Desktop\\Digital-Heroes\\page-pulse\\server\\src\\utils\\validation.ts","statementMap":{"0":{"start":{"line":5,"column":0},"end":{"line":5,"column":16}},"1":{"start":{"line":1,"column":0},"end":{"line":1,"column":9}},"2":{"start":{"line":3,"column":9},"end":{"line":1,"column":55}},"3":{"start":{"line":6,"column":2},"end":{"line":6,"column":45}}},"fnMap":{"0":{"name":"(anonymous_0)","decl":{"start":{"line":3,"column":9},"end":{"line":3,"column":27}},"loc":{"start":{"line":3,"column":9},"end":{"line":1,"column":55}}},"1":{"name":"parseAuditBody","decl":{"start":{"line":5,"column":16},"end":{"line":5,"column":30}},"loc":{"start":{"line":5,"column":45},"end":{"line":7,"column":1}}}},"branchMap":{},"s":{"0":1,"1":1,"2":1,"3":112},"f":{"0":0,"1":112},"b":{}}
}
