TN:
SF:src\app.ts
FN:11,createApp
FN:39,(anonymous_2)
FN:49,(anonymous_3)
FNF:3
FNH:1
FNDA:13,createApp
FNDA:0,(anonymous_2)
FNDA:0,(anonymous_3)
DA:1,1
DA:2,1
DA:3,1
DA:4,1
DA:5,1
DA:6,1
DA:7,1
DA:8,1
DA:9,1
DA:11,1
DA:12,13
DA:14,13
DA:16,13
DA:23,13
DA:33,13
DA:34,13
DA:36,13
DA:37,0
DA:39,0
DA:44,13
DA:47,13
DA:49,13
DA:50,0
DA:53,13
DA:54,13
DA:56,13
LF:26
LH:23
BRDA:25,0,0,0
BRDA:25,0,1,13
BRDA:36,1,0,0
BRF:3
BRH:1
end_of_record
TN:
SF:src\config\env.ts
FN:28,(anonymous_0)
FNF:1
FNH:1
FNDA:4,(anonymous_0)
DA:1,2
DA:2,2
DA:4,2
DA:18,2
DA:20,2
DA:21,0
DA:22,0
DA:25,2
DA:27,2
DA:28,4
DA:30,2
DA:31,2
LF:12
LH:10
BRDA:20,0,0,0
BRDA:28,1,0,0
BRDA:28,1,1,2
BRF:3
BRH:1
end_of_record
TN:
SF:src\controllers\audit.controller.ts
FN:8,clientIp
FN:14,auditController
FN:38,healthController
FN:50,historyController
FN:58,clearHistoryController
FNF:5
FNH:4
FNDA:108,clientIp
FNDA:108,auditController
FNDA:1,healthController
FNDA:1,historyController
FNDA:0,clearHistoryController
DA:2,1
DA:3,1
DA:4,1
DA:5,1
DA:9,108
DA:10,108
DA:11,108
DA:14,1
DA:15,108
DA:16,108
DA:17,108
DA:19,108
DA:21,108
DA:22,108
DA:23,0
DA:26,108
DA:27,107
DA:32,107
DA:34,1
DA:38,1
DA:39,1
DA:50,1
DA:51,1
DA:58,1
DA:59,0
DA:60,0
LF:26
LH:23
BRDA:10,0,0,0
BRDA:11,1,0,108
BRDA:11,1,1,0
BRDA:11,1,2,0
BRDA:22,2,0,0
BRDA:22,3,0,108
BRDA:22,3,1,108
BRF:7
BRH:3
end_of_record
TN:
SF:src\middlewares\error.middleware.ts
FN:6,errorHandler
FN:41,notFoundHandler
FNF:2
FNH:2
FNDA:5,errorHandler
FNDA:1,notFoundHandler
DA:2,1
DA:3,1
DA:6,1
DA:8,5
DA:10,5
DA:11,5
DA:12,1
DA:14,4
DA:16,5
DA:21,5
DA:22,5
DA:25,0
DA:26,0
DA:27,0
DA:28,0
DA:29,0
DA:32,0
DA:33,0
DA:38,0
DA:41,1
DA:42,1
DA:43,1
LF:22
LH:14
BRDA:8,0,0,5
BRDA:8,0,1,0
BRDA:8,0,2,0
BRDA:10,1,0,5
BRDA:11,2,0,1
BRDA:11,2,1,4
BRDA:25,3,0,0
BRDA:25,4,0,0
BRDA:25,4,1,0
BRDA:25,4,2,0
BRDA:26,5,0,0
BRDA:26,5,1,0
BRDA:32,6,0,0
BRDA:32,6,1,0
BRDA:36,7,0,0
BRDA:36,7,1,0
BRDA:42,8,0,1
BRDA:42,8,1,0
BRDA:42,8,2,0
BRF:19
BRH:5
end_of_record
TN:
SF:src\middlewares\rate-limit.middleware.ts
FN:5,createAuditRateLimiter
FN:11,(anonymous_2)
FN:18,(anonymous_3)
FNF:3
FNH:3
FNDA:13,createAuditRateLimiter
FNDA:113,(anonymous_2)
FNDA:1,(anonymous_3)
DA:1,1
DA:2,1
DA:5,1
DA:6,13
DA:12,113
DA:13,113
DA:14,0
DA:16,113
DA:19,1
LF:9
LH:8
BRDA:13,0,0,0
BRDA:16,1,0,113
BRDA:16,1,1,0
BRDA:16,1,2,0
BRF:4
BRH:1
end_of_record
TN:
SF:src\middlewares\request-id.middleware.ts
FN:10,requestIdMiddleware
FNF:1
FNH:1
FNDA:116,requestIdMiddleware
DA:2,1
DA:10,1
DA:11,116
DA:12,116
DA:13,116
DA:14,116
LF:6
LH:6
BRDA:12,0,0,0
BRDA:12,0,1,116
BRDA:12,1,0,116
BRDA:12,1,1,0
BRF:4
BRH:2
end_of_record
TN:
SF:src\middlewares\validation.middleware.ts
FN:5,validateAuditBody
FNF:1
FNH:1
FNDA:112,validateAuditBody
DA:2,1
DA:3,1
DA:5,1
DA:6,112
DA:7,112
DA:8,4
DA:9,4
DA:10,4
DA:11,4
DA:13,108
DA:14,108
LF:11
LH:11
BRDA:7,0,0,4
BRDA:9,1,0,4
BRDA:9,1,1,0
BRF:3
BRH:2
end_of_record
TN:
SF:src\routes\index.ts
FN:6,createApiRouter
FNF:1
FNH:1
FNDA:13,createApiRouter
DA:1,1
DA:2,1
DA:3,1
DA:4,1
DA:6,1
DA:7,13
DA:9,13
DA:10,13
DA:11,13
DA:13,13
LF:10
LH:10
BRF:0
BRH:0
end_of_record
TN:
SF:src\services\audit.service.ts
FN:16,probeUrl
FN:19,(anonymous_1)
FN:66,auditWebsite
FN:97,(anonymous_3)
FN:131,decodeHtmlEntities
FN:140,resetAuditState
FNF:6
FNH:6
FNDA:17,probeUrl
FNDA:2,(anonymous_1)
FNDA:118,auditWebsite
FNDA:17,(anonymous_3)
FNDA:11,decodeHtmlEntities
FNDA:8,resetAuditState
DA:1,2
DA:2,2
DA:3,2
DA:4,2
DA:5,2
DA:7,2
DA:17,17
DA:18,17
DA:19,17
DA:21,17
DA:22,17
DA:32,13
DA:34,13
DA:35,13
DA:36,13
DA:38,11
DA:39,11
DA:44,13
DA:51,4
DA:52,4
DA:53,2
DA:55,2
DA:62,17
DA:66,2
DA:72,118
DA:74,118
DA:76,101
DA:83,101
DA:92,101
DA:96,17
DA:97,17
DA:98,17
DA:102,2
DA:103,2
DA:104,2
DA:106,0
DA:107,0
DA:108,0
DA:111,15
DA:122,15
DA:123,12
DA:125,15
DA:127,15
DA:128,15
DA:132,11
DA:140,2
DA:141,8
LF:47
LH:44
BRDA:39,0,0,11
BRDA:46,1,0,13
BRDA:46,1,1,2
BRDA:52,2,0,2
BRDA:74,3,0,101
BRDA:102,4,0,2
BRDA:102,5,0,2
BRDA:102,5,1,2
BRDA:102,5,2,2
BRDA:106,6,0,0
BRDA:106,6,1,0
BRDA:122,7,0,12
BRF:12
BRH:10
end_of_record
TN:
SF:src\services\cache.service.ts
FN:11,getCachedAudit
FN:15,setCachedAudit
FN:19,clearCache
FN:23,cacheStats
FNF:4
FNH:3
FNDA:118,getCachedAudit
FNDA:12,setCachedAudit
FNDA:21,clearCache
FNDA:0,cacheStats
DA:1,2
DA:2,2
DA:5,2
DA:11,2
DA:12,118
DA:15,2
DA:16,12
DA:19,2
DA:20,21
DA:23,2
DA:24,0
LF:11
LH:10
BRDA:7,0,0,2
BRDA:7,0,1,0
BRF:2
BRH:1
end_of_record
TN:
SF:src\services\history.service.ts
FN:7,(anonymous_0)
FN:14,(anonymous_1)
FN:18,(anonymous_2)
FNF:3
FNH:3
FNDA:15,(anonymous_0)
FNDA:3,(anonymous_1)
FNDA:21,(anonymous_2)
DA:1,2
DA:5,2
DA:8,15
DA:9,15
DA:10,0
DA:15,3
DA:19,21
DA:23,2
LF:8
LH:7
BRDA:9,0,0,0
BRF:1
BRH:0
end_of_record
TN:
SF:src\services\queue.service.ts
FN:7,(anonymous_0)
FN:9,(anonymous_1)
FN:13,(anonymous_2)
FN:17,(anonymous_3)
FN:19,(anonymous_4)
FNF:5
FNH:2
FNDA:2,(anonymous_0)
FNDA:0,(anonymous_1)
FNDA:0,(anonymous_2)
FNDA:17,(anonymous_3)
FNDA:0,(anonymous_4)
DA:1,2
DA:3,2
DA:4,2
DA:5,2
DA:7,2
DA:10,0
DA:14,0
DA:18,17
DA:19,0
DA:21,17
DA:22,17
DA:23,17
DA:25,17
DA:26,17
DA:27,17
DA:32,2
LF:16
LH:13
BRDA:7,0,0,2
BRDA:18,1,0,0
BRDA:27,2,0,0
BRF:3
BRH:1
end_of_record
TN:
SF:src\types\index.ts
FN:8,(anonymous_0)
FN:16,(anonymous_1)
FNF:2
FNH:2
FNDA:109,(anonymous_0)
FNDA:108,(anonymous_1)
DA:1,1
DA:3,1
DA:9,109
DA:10,109
DA:11,108
DA:13,1
DA:16,108
LF:7
LH:7
BRDA:10,0,0,107
BRDA:10,0,1,2
BRDA:11,1,0,108
BRDA:11,1,1,108
BRDA:11,1,2,108
BRDA:16,2,0,107
BRDA:16,2,1,1
BRF:7
BRH:7
end_of_record
TN:
SF:src\utils\errors.ts
FN:3,(anonymous_0)
FN:12,(anonymous_1)
FN:19,(anonymous_2)
FN:26,(anonymous_3)
FN:33,(anonymous_4)
FNF:5
FNH:3
FNDA:6,(anonymous_0)
FNDA:4,(anonymous_1)
FNDA:0,(anonymous_2)
FNDA:2,(anonymous_3)
FNDA:0,(anonymous_4)
DA:1,2
DA:4,6
DA:5,6
DA:6,6
DA:7,6
DA:11,2
DA:13,4
DA:14,4
DA:18,2
DA:20,0
DA:21,0
DA:25,2
DA:27,2
DA:28,2
DA:32,2
DA:34,0
DA:35,0
LF:17
LH:13
BRDA:3,0,0,0
BRF:1
BRH:0
end_of_record
TN:
SF:src\utils\logger.ts
FN:14,(anonymous_1)
FN:36,logAudit
FNF:2
FNH:2
FNDA:231,(anonymous_1)
FNDA:118,logAudit
DA:1,2
DA:2,2
DA:4,2
DA:9,2
DA:11,2
DA:15,231
DA:16,231
DA:17,231
DA:21,2
DA:36,2
DA:45,118
DA:46,118
DA:47,2
DA:49,116
DA:51,118
LF:15
LH:15
BRDA:16,0,0,231
BRDA:16,0,1,0
BRDA:22,1,0,0
BRDA:22,1,1,2
BRDA:23,2,0,0
BRDA:23,2,1,2
BRDA:27,3,0,0
BRDA:27,3,1,2
BRDA:46,4,0,2
BRDA:46,4,1,116
BRF:10
BRH:6
end_of_record
TN:
SF:src\utils\request-id.ts
FN:3,generateRequestId
FNF:1
FNH:1
FNDA:116,generateRequestId
DA:1,1
DA:3,1
DA:4,116
LF:3
LH:3
BRF:0
BRH:0
end_of_record
TN:
SF:src\utils\validation.ts
FN:3,(anonymous_0)
FN:5,parseAuditBody
FNF:2
FNH:1
FNDA:0,(anonymous_0)
FNDA:112,parseAuditBody
DA:1,1
DA:3,1
DA:5,1
DA:6,112
LF:4
LH:4
BRF:0
BRH:0
end_of_record
